ts=2021-07-15T05:26:38.954233Z caller=middleware.go:54 type=SUCCESS URL=/ message="STARTING NOW..."
ts=2021-07-15T05:27:10.6978156Z caller=middleware.go:54 type=SUCCESS URL=/list_persons message="LISTANDO TODOS..."
ts=2021-07-15T05:52:55.3233566Z caller=middleware.go:52 type=SUCCESS URL=/ message="STARTING NOW..."
ts=2021-07-15T05:53:20.5107497Z caller=middleware.go:52 type=ERROR URL=/get_person message="ERROR DE SERVIDOR: ID CON FORMATO DE VALOR INCORRECTO"
ts=2021-07-15T05:53:34.583321Z caller=middleware.go:52 type=ERROR URL=/get_person message="ERROR DE SERVIDOR: ID CON FORMATO DE VALOR INCORRECTO"
ts=2021-07-15T14:16:10.515562Z caller=middleware.go:52 type=SUCCESS URL=/ message="STARTING NOW..."
ts=2021-07-15T14:22:05.5241368Z caller=middleware.go:52 type=SUCCESS URL=/list_persons message="LISTANDO TODOS..."
ts=2021-07-15T14:30:47.7539898Z caller=middleware.go:52 type=SUCCESS URL=/list_persons message="LISTANDO TODOS..."
ts=2021-07-15T15:28:04.928253Z caller=middleware.go:52 type=SUCCESS URL=/list_persons message="LISTANDO TODOS..."
ts=2021-07-15T15:29:05.3460124Z caller=middleware.go:52 type=SUCCESS URL=/get_person message="OBTENIENDO UN OBJETO..."
ts=2021-07-15T15:30:31.5660276Z caller=middleware.go:52 type=ERROR URL=/create_person message="OBJETO EXISTENTE"
ts=2021-07-15T15:30:54.6237133Z caller=middleware.go:52 type=SUCCESS URL=/create_person message="OBJETO INSERTADO CORRECTAMENTE"
ts=2021-07-15T15:32:59.0162844Z caller=middleware.go:52 type=SUCCESS URL=/list_persons message="LISTANDO TODOS..."
ts=2021-07-15T16:22:54.7165683Z caller=middleware.go:52 type=ERROR URL=/get_person message="ERROR DE SERVIDOR: ID CON FORMATO DE VALOR INCORRECTO"
ts=2021-07-15T19:57:39.4903801Z caller=middleware.go:52 type=SUCCESS URL=/ message="STARTING NOW..."
ts=2021-07-15T19:57:40.8606482Z caller=middleware.go:52 type=SUCCESS URL=/create_person message="OBJETO INSERTADO CORRECTAMENTE"
ts=2021-07-15T19:59:09.5859823Z caller=middleware.go:52 type=SUCCESS URL=/ message="STARTING NOW..."
ts=2021-07-15T19:59:09.7097344Z caller=middleware.go:52 type=ERROR URL=/create_person message="OBJETO EXISTENTE"
ts=2021-07-15T20:02:13.8577867Z caller=middleware.go:52 type=SUCCESS URL=/ message="STARTING NOW..."
ts=2021-07-15T20:02:13.8775954Z caller=middleware.go:52 type=ERROR URL=/create_person message="OBJETO EXISTENTE"
ts=2021-07-15T20:09:29.7816853Z caller=middleware.go:52 type=SUCCESS URL=/ message="STARTING NOW..."
ts=2021-07-15T20:09:29.7997739Z caller=middleware.go:52 type=ERROR URL=/create_person message="OBJETO EXISTENTE"
ts=2021-07-15T20:10:38.9108762Z caller=middleware.go:52 type=SUCCESS URL=/ message="STARTING NOW..."
ts=2021-07-15T20:10:38.931878Z caller=middleware.go:52 type=ERROR URL=/create_person message="OBJETO EXISTENTE"
ts=2021-07-15T20:11:47.399058Z caller=middleware.go:52 type=SUCCESS URL=/ message="STARTING NOW..."
ts=2021-07-15T20:11:47.4196954Z caller=middleware.go:52 type=ERROR URL=/create_person message="OBJETO EXISTENTE"
ts=2021-07-15T20:13:01.3297654Z caller=middleware.go:52 type=SUCCESS URL=/ message="STARTING NOW..."
ts=2021-07-15T20:13:01.3518624Z caller=middleware.go:52 type=SUCCESS URL=/create_person message="OBJETO INSERTADO CORRECTAMENTE"
ts=2021-07-15T20:14:03.5941044Z caller=middleware.go:52 type=SUCCESS URL=/ message="STARTING NOW..."
ts=2021-07-15T20:14:03.6198158Z caller=middleware.go:52 type=SUCCESS URL=/create_person message="OBJETO INSERTADO CORRECTAMENTE"
ts=2021-07-15T20:14:42.9619308Z caller=middleware.go:52 type=SUCCESS URL=/ message="STARTING NOW..."
ts=2021-07-15T20:14:42.9822228Z caller=middleware.go:52 type=SUCCESS URL=/create_person message="OBJETO INSERTADO CORRECTAMENTE"
ts=2021-07-15T20:15:18.852386Z caller=middleware.go:52 type=SUCCESS URL=/ message="STARTING NOW..."
ts=2021-07-15T20:15:18.871752Z caller=middleware.go:52 type=SUCCESS URL=/create_person message="OBJETO INSERTADO CORRECTAMENTE"
ts=2021-07-15T20:16:57.4057173Z caller=middleware.go:52 type=SUCCESS URL=/ message="STARTING NOW..."
ts=2021-07-15T20:16:57.4288359Z caller=middleware.go:52 type=SUCCESS URL=/create_person message="OBJETO INSERTADO CORRECTAMENTE"
ts=2021-07-15T20:17:43.0561742Z caller=middleware.go:52 type=SUCCESS URL=/ message="STARTING NOW..."
ts=2021-07-15T20:17:43.1184905Z caller=middleware.go:52 type=SUCCESS URL=/create_person message="OBJETO INSERTADO CORRECTAMENTE"
ts=2021-07-15T20:19:25.216345Z caller=middleware.go:52 type=SUCCESS URL=/ message="STARTING NOW..."
ts=2021-07-15T20:19:25.2535838Z caller=middleware.go:52 type=ERROR URL=/create_person message="OBJETO EXISTENTE"
ts=2021-07-15T20:19:49.6283732Z caller=middleware.go:52 type=SUCCESS URL=/ message="STARTING NOW..."
ts=2021-07-15T20:19:49.6519662Z caller=middleware.go:52 type=SUCCESS URL=/create_person message="OBJETO INSERTADO CORRECTAMENTE"
ts=2021-07-15T20:21:14.6238589Z caller=middleware.go:52 type=SUCCESS URL=/ message="STARTING NOW..."
ts=2021-07-15T20:21:14.6477528Z caller=middleware.go:52 type=SUCCESS URL=/create_person message="OBJETO INSERTADO CORRECTAMENTE"
ts=2021-07-15T20:21:46.706446Z caller=middleware.go:52 type=SUCCESS URL=/ message="STARTING NOW..."
ts=2021-07-15T20:21:46.7299772Z caller=middleware.go:52 type=ERROR URL=/create_person message="OBJETO EXISTENTE"
ts=2021-07-15T20:23:38.1598875Z caller=middleware.go:52 type=SUCCESS URL=/ message="STARTING NOW..."
ts=2021-07-15T20:23:38.180902Z caller=middleware.go:52 type=ERROR URL=/create_person message="OBJETO EXISTENTE"
ts=2021-07-15T20:25:40.9724132Z caller=middleware.go:52 type=SUCCESS URL=/ message="STARTING NOW..."
ts=2021-07-15T20:25:40.9997097Z caller=middleware.go:52 type=ERROR URL=/create_person message="OBJETO EXISTENTE"
ts=2021-07-15T20:25:54.7666949Z caller=middleware.go:52 type=SUCCESS URL=/ message="STARTING NOW..."
ts=2021-07-15T20:25:54.7887001Z caller=middleware.go:52 type=SUCCESS URL=/create_person message="OBJETO INSERTADO CORRECTAMENTE"
ts=2021-07-15T20:37:27.1089347Z caller=middleware.go:52 type=SUCCESS URL=/ message="STARTING NOW..."
ts=2021-07-15T20:39:02.5445531Z caller=middleware.go:52 type=SUCCESS URL=/list_persons message="LISTANDO TODOS..."
ts=2021-07-15T20:41:27.9941071Z caller=middleware.go:52 type=SUCCESS URL=/list_persons message="LISTANDO TODOS..."
ts=2021-07-17T09:21:01.4129838Z caller=middleware.go:52 type=SUCCESS URL=/ message="STARTING NOW..."
ts=2021-07-17T09:24:50.3373935Z caller=middleware.go:52 type=SUCCESS URL=/create_person message="OBJETO INSERTADO CORRECTAMENTE"
ts=2021-07-17T09:25:04.017733Z caller=middleware.go:52 type=SUCCESS URL=/list_persons message="LISTANDO TODOS..."
